0 info it worked if it ends with ok
1 verbose cli [ 'node', '/usr/local/bin/npm', 'install', '-g', 'ios-sim' ]
2 info using npm@1.4.14
3 info using node@v0.10.29
4 verbose cache add [ 'ios-sim', null ]
5 verbose cache add name=undefined spec="ios-sim" args=["ios-sim",null]
6 verbose parsed url { protocol: null,
6 verbose parsed url   slashes: null,
6 verbose parsed url   auth: null,
6 verbose parsed url   host: null,
6 verbose parsed url   port: null,
6 verbose parsed url   hostname: null,
6 verbose parsed url   hash: null,
6 verbose parsed url   search: null,
6 verbose parsed url   query: null,
6 verbose parsed url   pathname: 'ios-sim',
6 verbose parsed url   path: 'ios-sim',
6 verbose parsed url   href: 'ios-sim' }
7 silly lockFile 6af69284-ios-sim ios-sim
8 verbose lock ios-sim /Users/marcus/.npm/6af69284-ios-sim.lock
9 silly lockFile 6af69284-ios-sim ios-sim
10 silly lockFile 6af69284-ios-sim ios-sim
11 verbose addNamed [ 'ios-sim', '' ]
12 verbose addNamed [ null, '*' ]
13 silly lockFile 03dce7cc-ios-sim ios-sim@
14 verbose lock ios-sim@ /Users/marcus/.npm/03dce7cc-ios-sim.lock
15 silly addNameRange { name: 'ios-sim', range: '*', hasData: false }
16 verbose url raw ios-sim
17 verbose url resolving [ 'https://registry.npmjs.org/', './ios-sim' ]
18 verbose url resolved https://registry.npmjs.org/ios-sim
19 info trying registry request attempt 1 at 11:32:02
20 http GET https://registry.npmjs.org/ios-sim
21 http 200 https://registry.npmjs.org/ios-sim
22 silly registry.get cb [ 200,
22 silly registry.get   { date: 'Thu, 03 Jul 2014 10:32:03 GMT',
22 silly registry.get     server: 'CouchDB/1.5.0 (Erlang OTP/R16B03)',
22 silly registry.get     etag: '"CFEQUHPDQ5QP6TGE0UAMP2G82"',
22 silly registry.get     'content-type': 'application/json',
22 silly registry.get     'cache-control': 'max-age=30',
22 silly registry.get     'content-length': '6538',
22 silly registry.get     'accept-ranges': 'bytes',
22 silly registry.get     via: '1.1 varnish',
22 silly registry.get     age: '5721',
22 silly registry.get     'x-served-by': 'cache-lcy1130-LCY',
22 silly registry.get     'x-cache': 'HIT',
22 silly registry.get     'x-cache-hits': '1',
22 silly registry.get     'x-timer': 'S1404383523.447059,VS0,VE158',
22 silly registry.get     vary: 'Accept',
22 silly registry.get     'keep-alive': 'timeout=10, max=50',
22 silly registry.get     connection: 'Keep-Alive' } ]
23 silly addNameRange number 2 { name: 'ios-sim', range: '*', hasData: true }
24 silly addNameRange versions [ 'ios-sim', [ '1.8.0', '1.8.1', '1.8.2', '1.9.0' ] ]
25 verbose addNamed [ 'ios-sim', '1.9.0' ]
26 verbose addNamed [ '1.9.0', '1.9.0' ]
27 silly lockFile 08b821e4-ios-sim-1-9-0 ios-sim@1.9.0
28 verbose lock ios-sim@1.9.0 /Users/marcus/.npm/08b821e4-ios-sim-1-9-0.lock
29 silly lockFile ed580e00-js-org-ios-sim-ios-sim-1-9-0-tgz https://registry.npmjs.org/ios-sim/-/ios-sim-1.9.0.tgz
30 verbose lock https://registry.npmjs.org/ios-sim/-/ios-sim-1.9.0.tgz /Users/marcus/.npm/ed580e00-js-org-ios-sim-ios-sim-1-9-0-tgz.lock
31 verbose addRemoteTarball [ 'https://registry.npmjs.org/ios-sim/-/ios-sim-1.9.0.tgz',
31 verbose addRemoteTarball   'bedbc80a175960fdb0b5a95c370c81f2ffcb4ca4' ]
32 info retry fetch attempt 1 at 11:32:03
33 verbose fetch to= /var/folders/8c/7p3mycwj4jq2jgfdmm3d3cdh0000gn/T/npm-1316-rHb63uEY/registry.npmjs.org/ios-sim/-/ios-sim-1.9.0.tgz
34 http GET https://registry.npmjs.org/ios-sim/-/ios-sim-1.9.0.tgz
35 http 200 https://registry.npmjs.org/ios-sim/-/ios-sim-1.9.0.tgz
36 silly lockFile ed580e00-js-org-ios-sim-ios-sim-1-9-0-tgz https://registry.npmjs.org/ios-sim/-/ios-sim-1.9.0.tgz
37 silly lockFile ed580e00-js-org-ios-sim-ios-sim-1-9-0-tgz https://registry.npmjs.org/ios-sim/-/ios-sim-1.9.0.tgz
38 silly lockFile 08b821e4-ios-sim-1-9-0 ios-sim@1.9.0
39 silly lockFile 08b821e4-ios-sim-1-9-0 ios-sim@1.9.0
40 silly lockFile 03dce7cc-ios-sim ios-sim@
41 silly lockFile 03dce7cc-ios-sim ios-sim@
42 silly resolved [ { name: 'ios-sim',
42 silly resolved     version: '1.9.0',
42 silly resolved     description: 'launch iOS apps into the iOS Simulator from the command line (Xcode 5.1)',
42 silly resolved     main: 'ios-sim',
42 silly resolved     scripts: { preinstall: 'rake build' },
42 silly resolved     bin: { 'ios-sim': 'build/Release/ios-sim' },
42 silly resolved     repository: { type: 'git', url: 'https://github.com/phonegap/ios-sim' },
42 silly resolved     keywords: [ 'ios-sim', 'iOS Simulator' ],
42 silly resolved     author: { name: 'Landon Fuller, Jeff Haynie, Eloy Duran, Shazron Abdullah' },
42 silly resolved     license: 'MIT',
42 silly resolved     bugs: { url: 'https://github.com/phonegap/ios-sim/issues' },
42 silly resolved     homepage: 'https://github.com/phonegap/ios-sim',
42 silly resolved     _id: 'ios-sim@1.9.0',
42 silly resolved     dist:
42 silly resolved      { shasum: 'bedbc80a175960fdb0b5a95c370c81f2ffcb4ca4',
42 silly resolved        tarball: 'http://registry.npmjs.org/ios-sim/-/ios-sim-1.9.0.tgz' },
42 silly resolved     _from: 'ios-sim@',
42 silly resolved     _npmVersion: '1.3.14',
42 silly resolved     _npmUser: { name: 'shazron', email: 'shazron@gmail.com' },
42 silly resolved     maintainers: [ [Object] ],
42 silly resolved     directories: {},
42 silly resolved     _shasum: 'bedbc80a175960fdb0b5a95c370c81f2ffcb4ca4',
42 silly resolved     _resolved: 'https://registry.npmjs.org/ios-sim/-/ios-sim-1.9.0.tgz' } ]
43 info install ios-sim@1.9.0 into /usr/local/lib
44 info installOne ios-sim@1.9.0
45 info /usr/local/lib/node_modules/ios-sim unbuild
46 verbose tar unpack /Users/marcus/.npm/ios-sim/1.9.0/package.tgz
47 silly lockFile 5027580f-r-local-lib-node-modules-ios-sim tar:///usr/local/lib/node_modules/ios-sim
48 verbose lock tar:///usr/local/lib/node_modules/ios-sim /Users/marcus/.npm/5027580f-r-local-lib-node-modules-ios-sim.lock
49 silly lockFile ba2467ff-us-npm-ios-sim-1-9-0-package-tgz tar:///Users/marcus/.npm/ios-sim/1.9.0/package.tgz
50 verbose lock tar:///Users/marcus/.npm/ios-sim/1.9.0/package.tgz /Users/marcus/.npm/ba2467ff-us-npm-ios-sim-1-9-0-package-tgz.lock
51 silly gunzTarPerm modes [ '755', '644' ]
52 error Error: EACCES, mkdir '/usr/local/lib/node_modules/ios-sim'
52 error  { [Error: EACCES, mkdir '/usr/local/lib/node_modules/ios-sim']
52 error   errno: 3,
52 error   code: 'EACCES',
52 error   path: '/usr/local/lib/node_modules/ios-sim',
52 error   fstream_type: 'Directory',
52 error   fstream_path: '/usr/local/lib/node_modules/ios-sim',
52 error   fstream_class: 'DirWriter',
52 error   fstream_stack:
52 error    [ '/usr/local/lib/node_modules/npm/node_modules/fstream/lib/dir-writer.js:36:23',
52 error      '/usr/local/lib/node_modules/npm/node_modules/mkdirp/index.js:37:53',
52 error      'Object.oncomplete (fs.js:107:15)' ] }
53 error Please try running this command again as root/Administrator.
54 error System Darwin 13.3.0
55 error command "node" "/usr/local/bin/npm" "install" "-g" "ios-sim"
56 error cwd /Users/marcus/Development/Projects/myApp
57 error node -v v0.10.29
58 error npm -v 1.4.14
59 error path /usr/local/lib/node_modules/ios-sim
60 error fstream_path /usr/local/lib/node_modules/ios-sim
61 error fstream_type Directory
62 error fstream_class DirWriter
63 error code EACCES
64 error errno 3
65 error stack Error: EACCES, mkdir '/usr/local/lib/node_modules/ios-sim'
66 error fstream_stack /usr/local/lib/node_modules/npm/node_modules/fstream/lib/dir-writer.js:36:23
66 error fstream_stack /usr/local/lib/node_modules/npm/node_modules/mkdirp/index.js:37:53
66 error fstream_stack Object.oncomplete (fs.js:107:15)
67 verbose exit [ 3, true ]
